2024-01-15 22:47:22,info,Starting import from /Users/tiagosil/Library/CloudStorage/OneDrive-Cisco/BRIDGE_PROJECT/sp-x-cml-terraform-v2/securecrt_sessions.xml to /Users/tiagosil/Library/CloudStorage/OneDrive-Personal/Softwares/SecureCRT/Config
2024-01-15 22:47:22,info,Importing sessions...
2024-01-15 22:47:22,info,Importing folder '/The_Bridge'...
2024-01-15 22:47:22,info,Importing session '/The_Bridge/SP-X-XRv-ASBR01'...
2024-01-15 22:47:22,info,Importing session '/The_Bridge/SP-X-XRv-ASBR02'...
2024-01-15 22:47:22,info,Importing session '/The_Bridge/OOB_EXT_CON'...
2024-01-15 22:47:23,info,Importing session '/The_Bridge/L2_SW_EXT_CON'...
2024-01-15 22:47:23,info,Importing session '/The_Bridge/SP-X-XRv-P01'...
2024-01-15 22:47:23,info,Importing session '/The_Bridge/SP-X-XRv-P02'...
2024-01-15 22:47:23,info,Importing session '/The_Bridge/SP-X-XRv-P03'...
2024-01-15 22:47:23,info,Importing session '/The_Bridge/SP-X-XRv-P04'...
2024-01-15 22:47:23,info,Importing session '/The_Bridge/SP-X-XRv-PE01'...
2024-01-15 22:47:23,info,Importing session '/The_Bridge/SP-X-XRv-PE02'...
2024-01-15 22:47:23,info,Importing session '/The_Bridge/SP-X-XRv-PE03'...
2024-01-15 22:47:23,info,Importing session '/The_Bridge/SP-X-XRv-PE04'...
2024-01-15 22:47:23,info,Importing session '/The_Bridge/SP-X-XRv-RRPCE01'...
2024-01-15 22:47:23,info,Importing session '/The_Bridge/SP-X-XRv-RRPCE02'...
2024-01-15 22:47:23,info,Importing firewalls...
2024-01-15 22:47:23,warn,No settings for firewalls could be found in file to import
2024-01-15 22:47:23,info,Importing saved credentials...
2024-01-15 22:47:23,warn,No settings for saved credentials could be found in file to import
2024-01-15 22:47:23,info,Importing highlight keywords...
2024-01-15 22:47:23,warn,No settings for highlight keywords could be found in file to import
2024-01-15 22:47:23,info,Importing button bars...
2024-01-15 22:47:23,warn,No settings for button bars could be found in file to import
2024-01-15 22:47:23,info,Importing color schemes...
2024-01-15 22:47:23,warn,No settings for color schemes could be found in file to import
2024-01-15 22:47:23,info,Importing protocol options...
2024-01-15 22:47:23,warn,No settings for protocol options could be found in file to import
2024-01-15 22:47:23,info,Importing synchronize sessions...
2024-01-15 22:47:23,warn,No settings for synchronize sessions could be found in file to import
2024-01-15 22:47:23,info,Importing synchronize filters...
2024-01-15 22:47:23,warn,No settings for synchronize filters could be found in file to import
2024-01-15 22:47:23,info,Importing associated files...
2024-01-15 22:47:23,info,Import from /Users/tiagosil/Library/CloudStorage/OneDrive-Cisco/BRIDGE_PROJECT/sp-x-cml-terraform-v2/securecrt_sessions.xml to /Users/tiagosil/Library/CloudStorage/OneDrive-Personal/Softwares/SecureCRT/Config complete
